0 info it worked if it ends with ok
1 verbose cli [ 'C:\\Program Files (x86)\\nodejs\\node.exe',
1 verbose cli   'C:\\Program Files (x86)\\nodejs\\node_modules\\npm\\bin\\npm-cli.js',
1 verbose cli   'run',
1 verbose cli   'lite' ]
2 info using npm@3.10.3
3 info using node@v6.7.0
4 verbose run-script [ 'prelite', 'lite', 'postlite' ]
5 info lifecycle canvas-test@1.0.0~prelite: canvas-test@1.0.0
6 silly lifecycle canvas-test@1.0.0~prelite: no script for prelite, continuing
7 info lifecycle canvas-test@1.0.0~lite: canvas-test@1.0.0
8 verbose lifecycle canvas-test@1.0.0~lite: unsafe-perm in lifecycle true
9 verbose lifecycle canvas-test@1.0.0~lite: PATH: C:\Program Files (x86)\nodejs\node_modules\npm\bin\node-gyp-bin;C:\Users\adrian.sanchez\Source\Repos\Gauge\node_modules\.bin;C:\Program Files (x86)\nodejs;C:\Program Files (x86)\nodejs\node_modules\npm\bin\node-gyp-bin;C:\Users\adrian.sanchez\Source\Repos\Gauge\node_modules\.bin;C:\Program Files (x86)\nodejs;C:\Windows\system32;C:\Windows;C:\Windows\System32\Wbem;C:\Windows\System32\WindowsPowerShell\v1.0\;C:\Program Files (x86)\ATI Technologies\ATI.ACE\Core-Static;C:\Program Files (x86)\Sennheiser\SoftphoneSDK\;C:\Program Files\Microsoft SQL Server\120\Tools\Binn\;C:\Program Files (x86)\Windows Kits\10\Windows Performance Toolkit\;C:\Program Files (x86)\Microsoft Team Foundation Server 2015 Power Tools\;C:\Program Files (x86)\Code Collaborator Client;C:\Program Files\Microsoft SQL Server\Client SDK\ODBC\110\Tools\Binn\;C:\Program Files (x86)\Microsoft SQL Server\120\Tools\Binn\;C:\Program Files\Microsoft SQL Server\120\DTS\Binn\;C:\Program Files\Microsoft SQL Server\130\Tools\Binn\;C:\Program Files\Git\cmd;C:\Program Files\dotnet\;C:\Program Files\Microsoft DNX\Dnvm\;C:\Program Files (x86)\nodejs\;C:\_CifSupport\Bin;D:\_CifSupport\Bin;C:\Program Files (x86)\Microsoft VS Code\bin;C:\Users\adrian.sanchez\AppData\Roaming\npm
10 verbose lifecycle canvas-test@1.0.0~lite: CWD: C:\Users\adrian.sanchez\Source\Repos\Gauge
11 silly lifecycle canvas-test@1.0.0~lite: Args: [ '/d /s /c', 'lite-server' ]
12 silly lifecycle canvas-test@1.0.0~lite: Returned: code: 3221225786  signal: null
13 info lifecycle canvas-test@1.0.0~lite: Failed to exec lite script
14 verbose stack Error: canvas-test@1.0.0 lite: `lite-server`
14 verbose stack Exit status 3221225786
14 verbose stack     at EventEmitter.<anonymous> (C:\Program Files (x86)\nodejs\node_modules\npm\lib\utils\lifecycle.js:242:16)
14 verbose stack     at emitTwo (events.js:106:13)
14 verbose stack     at EventEmitter.emit (events.js:191:7)
14 verbose stack     at ChildProcess.<anonymous> (C:\Program Files (x86)\nodejs\node_modules\npm\lib\utils\spawn.js:40:14)
14 verbose stack     at emitTwo (events.js:106:13)
14 verbose stack     at ChildProcess.emit (events.js:191:7)
14 verbose stack     at maybeClose (internal/child_process.js:877:16)
14 verbose stack     at Process.ChildProcess._handle.onexit (internal/child_process.js:226:5)
15 verbose pkgid canvas-test@1.0.0
16 verbose cwd C:\Users\adrian.sanchez\Source\Repos\Gauge
17 error Windows_NT 10.0.10240
18 error argv "C:\\Program Files (x86)\\nodejs\\node.exe" "C:\\Program Files (x86)\\nodejs\\node_modules\\npm\\bin\\npm-cli.js" "run" "lite"
19 error node v6.7.0
20 error npm  v3.10.3
21 error code ELIFECYCLE
22 error canvas-test@1.0.0 lite: `lite-server`
22 error Exit status 3221225786
23 error Failed at the canvas-test@1.0.0 lite script 'lite-server'.
23 error Make sure you have the latest version of node.js and npm installed.
23 error If you do, this is most likely a problem with the canvas-test package,
23 error not with npm itself.
23 error Tell the author that this fails on your system:
23 error     lite-server
23 error You can get information on how to open an issue for this project with:
23 error     npm bugs canvas-test
23 error Or if that isn't available, you can get their info via:
23 error     npm owner ls canvas-test
23 error There is likely additional logging output above.
24 verbose exit [ 1, true ]
